<?xml version="1.0" encoding="UTF-8"?>
<testng-results skipped="0" failed="0" ignored="0" total="1" passed="1">
  <reporter-output>
  </reporter-output>
  <suite name="Default suite" duration-ms="21" started-at="2020-07-28T00:42:58Z" finished-at="2020-07-28T00:42:58Z">
    <groups>
    </groups>
    <test name="Default test" duration-ms="21" started-at="2020-07-28T00:42:58Z" finished-at="2020-07-28T00:42:58Z">
      <class name="GitPractice.Interviw.NewTest">
        <test-method status="PASS" signature="f()[pri:0, instance:GitPractice.Interviw.NewTest@ec756bd]" name="f" duration-ms="6" started-at="2020-07-28T00:42:58Z" finished-at="2020-07-28T00:42:58Z">
          <reporter-output>
          </reporter-output>
        </test-method> <!-- f -->
      </class> <!-- GitPractice.Interviw.NewTest -->
    </test> <!-- Default test -->
  </suite> <!-- Default suite -->
</testng-results>
