<?xml version="1.0" encoding="UTF-8"?>
<!-- Generated by org.testng.reporters.JUnitXMLReporter -->
<testsuite hostname="MacBook-Pro.attlocal.net" ignored="0" name="Default test" tests="3" failures="0" timestamp="27 Jul 2020 22:06:26 GMT" time="0.026" errors="0">
  <testcase name="negativeTest" time="0.008" classname="GitPractice.Interviw.RemoveDuplicateFromString"/>
  <testcase name="nullTest" time="0.001" classname="GitPractice.Interviw.RemoveDuplicateFromString"/>
  <testcase name="posativeTest" time="0.001" classname="GitPractice.Interviw.RemoveDuplicateFromString"/>
</testsuite> <!-- Default test -->
